<?xml version="1.0" encoding="UTF-8"?>
<testsuite xmlns:xsi="http://www.w3.org/2001/XMLSchema-instance" xsi:noNamespaceSchemaLocation="https://maven.apache.org/surefire/maven-surefire-plugin/xsd/surefire-test-report.xsd" name="com.hoaupkeep.innosol.services.SpringDataJPA.OwnerDataJPAServiceTest" time="0.593" tests="6" errors="0" skipped="0" failures="0">
  <properties>
[...]
</properties>
  <testcase name="delete" classname="com.hoaupkeep.innosol.services.SpringDataJPA.OwnerDataJPAServiceTest" time="0.016"/>
  <testcase name="findAll" classname="com.hoaupkeep.innosol.services.SpringDataJPA.OwnerDataJPAServiceTest" time="0.003"/>
  <testcase name="findById" classname="com.hoaupkeep.innosol.services.SpringDataJPA.OwnerDataJPAServiceTest" time="0.011"/>
  <testcase name="save" classname="com.hoaupkeep.innosol.services.SpringDataJPA.OwnerDataJPAServiceTest" time="0.003"/>
  <testcase name="findByLastName" classname="com.hoaupkeep.innosol.services.SpringDataJPA.OwnerDataJPAServiceTest" time="0.008"/>
  <testcase name="deleteById" classname="com.hoaupkeep.innosol.services.SpringDataJPA.OwnerDataJPAServiceTest" time="0.005"/>
</testsuite>